#
# A fatal error has been detected by the Java Runtime Environment:
#
#  SIGSEGV (0xb) at pc=0x00007fff8bf74221, pid=4160, tid=47623
#
# JRE version: Java(TM) SE Runtime Environment (7.0_45-b18) (build 1.7.0_45-b18)
# Java VM: Java HotSpot(TM) 64-Bit Server VM (24.45-b08 mixed mode bsd-amd64 compressed oops)
# Problematic frame:
# C  [libGLImage.dylib+0x24221]  storeColor+0x5d1
#
# Failed to write core dump. Core dumps have been disabled. To enable core dumping, try "ulimit -c unlimited" before starting Java again
#
# If you would like to submit a bug report, please visit:
#   http://bugreport.sun.com/bugreport/crash.jsp
# The crash happened outside the Java Virtual Machine in native code.
# See problematic frame for where to report the bug.
#

---------------  T H R E A D  ---------------

Current thread (0x00007f84bc8c7800):  JavaThread "Java2D Queue Flusher" daemon [_thread_in_native, id=47623, stack(0x0000000119ada000,0x0000000119bda000)]

siginfo:si_signo=SIGSEGV: si_errno=0, si_code=1 (SEGV_MAPERR), si_addr=0x00000001240d7000

Registers:
RAX=0x000000003f169697, RBX=0x00007fff8bf73cd3, RCX=0x00000001240d7000, RDX=0x00000001240d7004
RSP=0x0000000119bd85a0, RBP=0x0000000119bd85b0, RSI=0x00007fff8bf74208, RDI=0x000000003ededee0
R8 =0x0000000119bd8a58, R9 =0x000000003f3dbdbe, R10=0x000000003f800000, R11=0x0000000000000004
R12=0x000000000000000a, R13=0x0000000119bd8a58, R14=0x00007fff8bf74650, R15=0x0000000000000004
RIP=0x00007fff8bf74221, EFLAGS=0x0000000000010246, ERR=0x0000000000000006
  TRAPNO=0x000000000000000e

Top of Stack: (sp=0x0000000119bd85a0)
0x0000000119bd85a0:   0000000000000001 00000000000000c4
0x0000000119bd85b0:   0000000119bd8bc0 00007fff8bf8505c
0x0000000119bd85c0:   000000013f169697 000000013ededee0
0x0000000119bd85d0:   000000013f800000 0000000100000004
0x0000000119bd85e0:   0000000100000001 00007fff00000001
0x0000000119bd85f0:   0000000100000000 0000000100000000
0x0000000119bd8600:   0000000100000000 0000000100000000
0x0000000119bd8610:   00007f8400000000 0000000000000022
0x0000000119bd8620:   0000000119bd8a70 0000000119bd89b0
0x0000000119bd8630:   0000000000000000 000000008c536b62
0x0000000119bd8640:   0000000000001e00 00000000000002a8
0x0000000119bd8650:   00000001bbe17718 0000000119bd86b0
0x0000000119bd8660:   00007f84be003c18 00007f84be003d50
0x0000000119bd8670:   00007f84bd113c00 0000000000000000
0x0000000119bd8680:   0000000019bd8720 00007fff91264cbe
0x0000000119bd8690:   0000000000000000 000000010c964000
0x0000000119bd86a0:   0000000000000000 000000000000002b
0x0000000119bd86b0:   000000010c969800 0000000123f9b000
0x0000000119bd86c0:   ff80000000001003 000000011738ffff
0x0000000119bd86d0:   0000000119bd8c2c 0000000000000000
0x0000000119bd86e0:   0000000000000000 000000000000001e
0x0000000119bd86f0:   000000010c964000 00007f84bbf7c2a0
0x0000000119bd8700:   0000000119bd8730 00007fff8d7a7b61
0x0000000119bd8710:   0000000000000001 00007f84be003d50
0x0000000119bd8720:   00000000000002a8 0000000119bd8ce0
0x0000000119bd8730:   0000000119bd8750 00007fff8d7a82ca
0x0000000119bd8740:   00007f84bbf7c2a0 00007f84bd113c00
0x0000000119bd8750:   0000000119bd8790 0000123480220220
0x0000000119bd8760:   00007f84bd113c00 00007f84bbf7c2a0
0x0000000119bd8770:   0000000119bd8ddc 0000000000000001
0x0000000119bd8780:   00007f84bd113c00 0000000000000001
0x0000000119bd8790:   0000000119bd9050 000012348021e441 

Instructions: (pc=0x00007fff8bf74221)
0x00007fff8bf74201:   89 08 e9 7e 03 00 00 f6 c2 02 74 0a 41 0f ca 0f
0x00007fff8bf74211:   cf 0f c8 41 0f c9 49 8b 08 48 8d 51 04 49 89 10
0x00007fff8bf74221:   44 89 09 49 8b 08 48 8d 51 04 49 89 10 89 01 49
0x00007fff8bf74231:   8b 00 48 8d 48 04 49 89 08 89 38 e9 fa 03 00 00 

Register to memory mapping:

RAX=0x000000003f169697 is an unknown value
RBX=0x00007fff8bf73cd3: storeColor+0x83 in /System/Library/Frameworks/OpenGL.framework/Versions/A/Libraries/libGLImage.dylib at 0x00007fff8bf50000
RCX=0x00000001240d7000 is an unknown value
RDX=0x00000001240d7004 is an unknown value
RSP=0x0000000119bd85a0 is pointing into the stack for thread: 0x00007f84bc8c7800
RBP=0x0000000119bd85b0 is pointing into the stack for thread: 0x00007f84bc8c7800
RSI=0x00007fff8bf74208: storeColor+0x5b8 in /System/Library/Frameworks/OpenGL.framework/Versions/A/Libraries/libGLImage.dylib at 0x00007fff8bf50000
RDI=0x000000003ededee0 is an unknown value
R8 =0x0000000119bd8a58 is pointing into the stack for thread: 0x00007f84bc8c7800
R9 =0x000000003f3dbdbe is an unknown value
R10=0x000000003f800000 is an unknown value
R11=0x0000000000000004 is an unknown value
R12=0x000000000000000a is an unknown value
R13=0x0000000119bd8a58 is pointing into the stack for thread: 0x00007f84bc8c7800
R14=0x00007fff8bf74650: storeColor+0xa00 in /System/Library/Frameworks/OpenGL.framework/Versions/A/Libraries/libGLImage.dylib at 0x00007fff8bf50000
R15=0x0000000000000004 is an unknown value


Stack: [0x0000000119ada000,0x0000000119bda000],  sp=0x0000000119bd85a0,  free space=1017k
Native frames: (J=compiled Java code, j=interpreted, Vv=VM code, C=native code)
C  [libGLImage.dylib+0x24221]  storeColor+0x5d1
C  [libGLImage.dylib+0x3505c]  glgProcessColor+0x4fec
C  [libGLImage.dylib+0x8d73]  __glgProcessPixelsWithProcessor_block_invoke+0x6b
C  [libdispatch.dylib+0x88d9]  _dispatch_client_callout2+0x8
C  [libdispatch.dylib+0x8cb7]  _dispatch_apply_serial+0x2a
C  [libdispatch.dylib+0x128d]  _dispatch_client_callout+0x8
C  [libdispatch.dylib+0x83b0]  _dispatch_sync_f_invoke+0x27
C  [libdispatch.dylib+0x860b]  dispatch_apply_f+0x10b
C  [libGLImage.dylib+0x8ba7]  glgProcessPixelsWithProcessor+0x14c1
C  [AMDRadeonX3000GLDriver+0x1e5fd2]  gldPresentFramebufferData+0x219f0
C  [AMDRadeonX3000GLDriver+0x21a850]  gldBlitFramebufferData+0x1df98
C  [GLEngine+0x1ba3a]  gleDrawPixelsFast+0x2ff9
C  [GLEngine+0x189e4]  glDrawPixels_Exec+0x1c8
C  [liblwawt.dylib+0x345a]  OGLBlitLoops_Blit+0x6fd
C  [liblwawt.dylib+0x7cad]  Java_sun_java2d_opengl_OGLRenderQueue_flushBuffer+0x3d1
j  sun.java2d.opengl.OGLRenderQueue.flushBuffer(JI)V+0
j  sun.java2d.opengl.OGLRenderQueue.flushBuffer()V+21
j  sun.java2d.opengl.OGLRenderQueue.access$100(Lsun/java2d/opengl/OGLRenderQueue;)V+1
j  sun.java2d.opengl.OGLRenderQueue$QueueFlusher.run()V+81
v  ~StubRoutines::call_stub
V  [libjvm.dylib+0x2d6d90]
V  [libjvm.dylib+0x2d72a7]
V  [libjvm.dylib+0x2d73e4]
V  [libjvm.dylib+0x3263ca]
V  [libjvm.dylib+0x4efb47]
V  [libjvm.dylib+0x4f124f]
V  [libjvm.dylib+0x41b1c6]
C  [libsystem_pthread.dylib+0x1899]  _pthread_body+0x8a
C  [libsystem_pthread.dylib+0x172a]  _pthread_struct_init+0x0
C  [libsystem_pthread.dylib+0x5fc9]  thread_start+0xd

Java frames: (J=compiled Java code, j=interpreted, Vv=VM code)
j  sun.java2d.opengl.OGLRenderQueue.flushBuffer(JI)V+0
j  sun.java2d.opengl.OGLRenderQueue.flushBuffer()V+21
j  sun.java2d.opengl.OGLRenderQueue.access$100(Lsun/java2d/opengl/OGLRenderQueue;)V+1
j  sun.java2d.opengl.OGLRenderQueue$QueueFlusher.run()V+81
v  ~StubRoutines::call_stub

---------------  P R O C E S S  ---------------

Java Threads: ( => current thread )
  0x00007f84bc958800 JavaThread "Image Fetcher 0" daemon [_thread_blocked, id=57099, stack(0x000000011c730000,0x000000011c830000)]
  0x00007f84bc94d000 JavaThread "TimerQueue" daemon [_thread_blocked, id=56075, stack(0x000000011b962000,0x000000011ba62000)]
  0x00007f84bd188000 JavaThread "AWT-EventQueue-1" [_thread_blocked, id=56583, stack(0x000000011c5ed000,0x000000011c6ed000)]
  0x00007f84bd11d800 JavaThread "DestroyJavaVM" [_thread_blocked, id=6403, stack(0x000000010ca60000,0x000000010cb60000)]
  0x00007f84bd895800 JavaThread "AWT-EventQueue-0" [_thread_blocked, id=54283, stack(0x000000011a5cf000,0x000000011a6cf000)]
  0x00007f84bd88c000 JavaThread "thread applet-CAPTURETHESAGETS.class" [_thread_blocked, id=49415, stack(0x000000011a143000,0x000000011a243000)]
  0x00007f84bd881800 JavaThread "Java2D Disposer" daemon [_thread_blocked, id=48899, stack(0x0000000119fdc000,0x000000011a0dc000)]
=>0x00007f84bc8c7800 JavaThread "Java2D Queue Flusher" daemon [_thread_in_native, id=47623, stack(0x0000000119ada000,0x0000000119bda000)]
  0x00007f84bd111800 JavaThread "AWT-Shutdown" [_thread_blocked, id=29711, stack(0x0000000117242000,0x0000000117342000)]
  0x00007f84bd871000 JavaThread "AppKit Thread" daemon [_thread_in_native, id=1287, stack(0x00007fff53235000,0x00007fff532b5000)]
  0x00007f84bc01c800 JavaThread "Service Thread" daemon [_thread_blocked, id=19203, stack(0x0000000115560000,0x0000000115660000)]
  0x00007f84bd048800 JavaThread "C2 CompilerThread1" daemon [_thread_blocked, id=18691, stack(0x000000011545d000,0x000000011555d000)]
  0x00007f84bc806800 JavaThread "C2 CompilerThread0" daemon [_thread_blocked, id=18179, stack(0x000000011535a000,0x000000011545a000)]
  0x00007f84bd040800 JavaThread "Signal Dispatcher" daemon [_thread_blocked, id=17667, stack(0x0000000115257000,0x0000000115357000)]
  0x00007f84bd030000 JavaThread "Finalizer" daemon [_thread_blocked, id=12547, stack(0x0000000115014000,0x0000000115114000)]
  0x00007f84bd02d000 JavaThread "Reference Handler" daemon [_thread_blocked, id=12035, stack(0x0000000114f11000,0x0000000115011000)]

Other Threads:
  0x00007f84bc01c000 VMThread [stack: 0x0000000114e0e000,0x0000000114f0e000] [id=11523]
  0x00007f84bc01d000 WatcherThread [stack: 0x0000000115663000,0x0000000115763000] [id=19715]

VM state:not at safepoint (normal execution)

VM Mutex/Monitor currently owned by a thread: None

Heap
 PSYoungGen      total 3584K, used 3457K [0x00000007eaa80000, 0x00000007eae80000, 0x0000000800000000)
  eden space 3072K, 95% used [0x00000007eaa80000,0x00000007ead60708,0x00000007ead80000)
  from space 512K, 100% used [0x00000007ead80000,0x00000007eae00000,0x00000007eae00000)
  to   space 512K, 0% used [0x00000007eae00000,0x00000007eae00000,0x00000007eae80000)
 ParOldGen       total 21504K, used 16349K [0x00000007c0000000, 0x00000007c1500000, 0x00000007eaa80000)
  object space 21504K, 76% used [0x00000007c0000000,0x00000007c0ff76d0,0x00000007c1500000)
 PSPermGen       total 21504K, used 9424K [0x00000007bae00000, 0x00000007bc300000, 0x00000007c0000000)
  object space 21504K, 43% used [0x00000007bae00000,0x00000007bb7340d0,0x00000007bc300000)

Card table byte_map: [0x0000000110f13000,0x000000011113d000] byte_map_base: 0x000000010d13c000

Polling page: 0x000000010cb9f000

Code Cache  [0x000000010de53000, 0x000000010e0c3000, 0x0000000110e53000)
 total_blobs=455 nmethods=26 adapters=384 free_code_cache=48597Kb largest_free_block=49746880

Compilation events (10 events):
Event: 0.922 Thread 0x00007f84bd048800 nmethod 22 0x000000010dece8d0 code [0x000000010decea00, 0x000000010decea38]
Event: 0.922 Thread 0x00007f84bc806800 nmethod 19 0x000000010ded74d0 code [0x000000010ded7640, 0x000000010ded7c18]
Event: 0.996 Thread 0x00007f84bd048800   23             java.lang.String::length (6 bytes)
Event: 0.996 Thread 0x00007f84bd048800 nmethod 23 0x000000010ded8390 code [0x000000010ded84c0, 0x000000010ded8538]
Event: 1.024 Thread 0x00007f84bd048800   24             java.lang.String::startsWith (72 bytes)
Event: 1.027 Thread 0x00007f84bd048800 nmethod 24 0x000000010ded6550 code [0x000000010ded66a0, 0x000000010ded6858]
Event: 1.038 Thread 0x00007f84bc806800   25             java.util.StringTokenizer::scanToken (179 bytes)
Event: 1.038 Thread 0x00007f84bd048800   26             java.util.Arrays::copyOfRange (63 bytes)
Event: 1.041 Thread 0x00007f84bd048800 nmethod 26 0x000000010dedcad0 code [0x000000010dedcc20, 0x000000010dedce18]
Event: 1.043 Thread 0x00007f84bc806800 nmethod 25 0x000000010dedc110 code [0x000000010dedc2e0, 0x000000010dedc6a0]

GC Heap History (2 events):
Event: 0.895 GC heap before
{Heap before GC invocations=1 (full 0):
 PSYoungGen      total 3584K, used 3072K [0x00000007eaa80000, 0x00000007eae80000, 0x0000000800000000)
  eden space 3072K, 100% used [0x00000007eaa80000,0x00000007ead80000,0x00000007ead80000)
  from space 512K, 0% used [0x00000007eae00000,0x00000007eae00000,0x00000007eae80000)
  to   space 512K, 0% used [0x00000007ead80000,0x00000007ead80000,0x00000007eae00000)
 ParOldGen       total 5632K, used 0K [0x00000007c0000000, 0x00000007c0580000, 0x00000007eaa80000)
  object space 5632K, 0% used [0x00000007c0000000,0x00000007c0000000,0x00000007c0580000)
 PSPermGen       total 21504K, used 8107K [0x00000007bae00000, 0x00000007bc300000, 0x00000007c0000000)
  object space 21504K, 37% used [0x00000007bae00000,0x00000007bb5eac30,0x00000007bc300000)
Event: 0.899 GC heap after
Heap after GC invocations=1 (full 0):
 PSYoungGen      total 3584K, used 512K [0x00000007eaa80000, 0x00000007eae80000, 0x0000000800000000)
  eden space 3072K, 0% used [0x00000007eaa80000,0x00000007eaa80000,0x00000007ead80000)
  from space 512K, 100% used [0x00000007ead80000,0x00000007eae00000,0x00000007eae00000)
  to   space 512K, 0% used [0x00000007eae00000,0x00000007eae00000,0x00000007eae80000)
 ParOldGen       total 5632K, used 814K [0x00000007c0000000, 0x00000007c0580000, 0x00000007eaa80000)
  object space 5632K, 14% used [0x00000007c0000000,0x00000007c00cbbf0,0x00000007c0580000)
 PSPermGen       total 21504K, used 8107K [0x00000007bae00000, 0x00000007bc300000, 0x00000007c0000000)
  object space 21504K, 37% used [0x00000007bae00000,0x00000007bb5eac30,0x00000007bc300000)
}

Deoptimization events (0 events):
No events

Internal exceptions (10 events):
Event: 0.337 Thread 0x00007f84bc005800 Threw 0x00000007eac80a20 at /HUDSON/workspace/7u-2-build-macosx-x86_64/jdk7u45/229/hotspot/src/share/vm/prims/jvm.cpp:1244
Event: 0.337 Thread 0x00007f84bc005800 Threw 0x00000007eac81090 at /HUDSON/workspace/7u-2-build-macosx-x86_64/jdk7u45/229/hotspot/src/share/vm/prims/jvm.cpp:1244
Event: 0.338 Thread 0x00007f84bc005800 Threw 0x00000007eac8fe58 at /HUDSON/workspace/7u-2-build-macosx-x86_64/jdk7u45/229/hotspot/src/share/vm/prims/jvm.cpp:1244
Event: 0.338 Thread 0x00007f84bc005800 Threw 0x00000007eac90588 at /HUDSON/workspace/7u-2-build-macosx-x86_64/jdk7u45/229/hotspot/src/share/vm/prims/jvm.cpp:1244
Event: 0.991 Thread 0x00007f84bd98c800 Threw 0x00000007eabdb4b8 at /HUDSON/workspace/7u-2-build-macosx-x86_64/jdk7u45/229/hotspot/src/share/vm/prims/jvm.cpp:1244
Event: 0.991 Thread 0x00007f84bd98c800 Threw 0x00000007eabdb838 at /HUDSON/workspace/7u-2-build-macosx-x86_64/jdk7u45/229/hotspot/src/share/vm/prims/jvm.cpp:1244
Event: 1.000 Thread 0x00007f84bd98c800 Threw 0x00000007eac1c458 at /HUDSON/workspace/7u-2-build-macosx-x86_64/jdk7u45/229/hotspot/src/share/vm/prims/jvm.cpp:1244
Event: 1.000 Thread 0x00007f84bd98c800 Threw 0x00000007eac1cb88 at /HUDSON/workspace/7u-2-build-macosx-x86_64/jdk7u45/229/hotspot/src/share/vm/prims/jvm.cpp:1244
Event: 1.030 Thread 0x00007f84bd188000 Threw 0x00000007eac4ebd0 at /HUDSON/workspace/7u-2-build-macosx-x86_64/jdk7u45/229/hotspot/src/share/vm/prims/jvm.cpp:1244
Event: 1.030 Thread 0x00007f84bd188000 Threw 0x00000007eac4f0f8 at /HUDSON/workspace/7u-2-build-macosx-x86_64/jdk7u45/229/hotspot/src/share/vm/prims/jvm.cpp:1244

Events (10 events):
Event: 1.057 loading class 0x00007f84bc8d7460 done
Event: 1.057 loading class 0x00007f84bd8f5500 done
Event: 1.057 loading class 0x00007f84bd994f70
Event: 1.057 loading class 0x00007f84bd994940
Event: 1.057 loading class 0x00007f84bd994940 done
Event: 1.057 loading class 0x00007f84bd994f70 done
Event: 1.091 loading class 0x00007f84bd061a70
Event: 1.091 loading class 0x00007f84bd061a70 done
Event: 1.091 loading class 0x00007f84bd093660
Event: 1.091 loading class 0x00007f84bd093660 done


Dynamic libraries:
0x0000000004bef000 	/System/Library/Frameworks/Cocoa.framework/Versions/A/Cocoa
0x0000000004bef000 	/System/Library/Frameworks/Security.framework/Versions/A/Security
0x0000000004bef000 	/System/Library/Frameworks/ApplicationServices.framework/Versions/A/ApplicationServices
0x0000000004bef000 	/usr/lib/libz.1.dylib
0x0000000004bef000 	/usr/lib/libSystem.B.dylib
0x0000000004bef000 	/usr/lib/libobjc.A.dylib
0x0000000004bef000 	/System/Library/Frameworks/CoreFoundation.framework/Versions/A/CoreFoundation
0x0000000004bef000 	/System/Library/Frameworks/Foundation.framework/Versions/C/Foundation
0x0000000004bef000 	/System/Library/Frameworks/AppKit.framework/Versions/C/AppKit
0x0000000004bef000 	/System/Library/Frameworks/CoreData.framework/Versions/A/CoreData
0x0000000004bef000 	/System/Library/PrivateFrameworks/RemoteViewServices.framework/Versions/A/RemoteViewServices
0x0000000004bef000 	/System/Library/Frameworks/AudioToolbox.framework/Versions/A/AudioToolbox
0x0000000004bef000 	/System/Library/Frameworks/AudioUnit.framework/Versions/A/AudioUnit
0x0000000004bef000 	/System/Library/PrivateFrameworks/DataDetectorsCore.framework/Versions/A/DataDetectorsCore
0x0000000004bef000 	/System/Library/PrivateFrameworks/DesktopServicesPriv.framework/Versions/A/DesktopServicesPriv
0x0000000004bef000 	/System/Library/Frameworks/Carbon.framework/Versions/A/Frameworks/HIToolbox.framework/Versions/A/HIToolbox
0x0000000004bef000 	/System/Library/Frameworks/QuartzCore.framework/Versions/A/QuartzCore
0x0000000004bef000 	/System/Library/Frameworks/Carbon.framework/Versions/A/Frameworks/SpeechRecognition.framework/Versions/A/SpeechRecognition
0x0000000004bef000 	/usr/lib/libauto.dylib
0x0000000004bef000 	/usr/lib/libicucore.A.dylib
0x0000000004bef000 	/usr/lib/libxml2.2.dylib
0x0000000004bef000 	/System/Library/PrivateFrameworks/CoreUI.framework/Versions/A/CoreUI
0x0000000004bef000 	/System/Library/Frameworks/CoreAudio.framework/Versions/A/CoreAudio
0x0000000004bef000 	/System/Library/Frameworks/DiskArbitration.framework/Versions/A/DiskArbitration
0x0000000004bef000 	/usr/lib/liblangid.dylib
0x0000000004bef000 	/System/Library/PrivateFrameworks/MultitouchSupport.framework/Versions/A/MultitouchSupport
0x0000000004bef000 	/System/Library/Frameworks/IOKit.framework/Versions/A/IOKit
0x0000000004bef000 	/usr/lib/libDiagnosticMessagesClient.dylib
0x0000000004bef000 	/System/Library/Frameworks/CoreServices.framework/Versions/A/CoreServices
0x0000000004bef000 	/System/Library/PrivateFrameworks/PerformanceAnalysis.framework/Versions/A/PerformanceAnalysis
0x0000000004bef000 	/System/Library/PrivateFrameworks/GenerationalStorage.framework/Versions/A/GenerationalStorage
0x0000000004bef000 	/System/Library/Frameworks/OpenGL.framework/Versions/A/OpenGL
0x0000000004bef000 	/System/Library/PrivateFrameworks/Sharing.framework/Versions/A/Sharing
0x0000000004bef000 	/System/Library/Frameworks/ImageIO.framework/Versions/A/ImageIO
0x0000000004bef000 	/System/Library/Frameworks/CoreText.framework/Versions/A/CoreText
0x0000000004bef000 	/System/Library/Frameworks/CoreGraphics.framework/Versions/A/CoreGraphics
0x0000000004bef000 	/System/Library/PrivateFrameworks/Backup.framework/Versions/A/Backup
0x0000000004bef000 	/System/Library/Frameworks/CFNetwork.framework/Versions/A/CFNetwork
0x0000000004bef000 	/System/Library/Frameworks/SystemConfiguration.framework/Versions/A/SystemConfiguration
0x0000000004bef000 	/usr/lib/libCRFSuite.dylib
0x0000000004bef000 	/usr/lib/libc++.1.dylib
0x0000000004bef000 	/usr/lib/libc++abi.dylib
0x0000000004bef000 	/usr/lib/system/libcache.dylib
0x0000000004bef000 	/usr/lib/system/libcommonCrypto.dylib
0x0000000004bef000 	/usr/lib/system/libcompiler_rt.dylib
0x0000000004bef000 	/usr/lib/system/libcopyfile.dylib
0x0000000004bef000 	/usr/lib/system/libcorecrypto.dylib
0x0000000004bef000 	/usr/lib/system/libdispatch.dylib
0x0000000004bef000 	/usr/lib/system/libdyld.dylib
0x0000000004bef000 	/usr/lib/system/libkeymgr.dylib
0x0000000004bef000 	/usr/lib/system/liblaunch.dylib
0x0000000004bef000 	/usr/lib/system/libmacho.dylib
0x0000000004bef000 	/usr/lib/system/libquarantine.dylib
0x0000000004bef000 	/usr/lib/system/libremovefile.dylib
0x0000000004bef000 	/usr/lib/system/libsystem_asl.dylib
0x0000000004bef000 	/usr/lib/system/libsystem_blocks.dylib
0x0000000004bef000 	/usr/lib/system/libsystem_c.dylib
0x0000000004bef000 	/usr/lib/system/libsystem_configuration.dylib
0x0000000004bef000 	/usr/lib/system/libsystem_dnssd.dylib
0x0000000004bef000 	/usr/lib/system/libsystem_info.dylib
0x0000000004bef000 	/usr/lib/system/libsystem_kernel.dylib
0x0000000004bef000 	/usr/lib/system/libsystem_m.dylib
0x0000000004bef000 	/usr/lib/system/libsystem_malloc.dylib
0x0000000004bef000 	/usr/lib/system/libsystem_network.dylib
0x0000000004bef000 	/usr/lib/system/libsystem_notify.dylib
0x0000000004bef000 	/usr/lib/system/libsystem_platform.dylib
0x0000000004bef000 	/usr/lib/system/libsystem_pthread.dylib
0x0000000004bef000 	/usr/lib/system/libsystem_sandbox.dylib
0x0000000004bef000 	/usr/lib/system/libsystem_stats.dylib
0x0000000004bef000 	/usr/lib/system/libunc.dylib
0x0000000004bef000 	/usr/lib/system/libunwind.dylib
0x0000000004bef000 	/usr/lib/system/libxpc.dylib
0x0000000004bef000 	/usr/lib/libbsm.0.dylib
0x0000000004bef000 	/usr/lib/libsqlite3.dylib
0x0000000004bef000 	/usr/lib/libxar.1.dylib
0x0000000004bef000 	/usr/lib/libpam.2.dylib
0x0000000004bef000 	/usr/lib/libOpenScriptingUtil.dylib
0x0000000004bef000 	/usr/lib/libbz2.1.0.dylib
0x0000000004bef000 	/System/Library/Frameworks/CoreServices.framework/Versions/A/Frameworks/CarbonCore.framework/Versions/A/CarbonCore
0x0000000004bef000 	/System/Library/Frameworks/CoreServices.framework/Versions/A/Frameworks/Metadata.framework/Versions/A/Metadata
0x0000000004bef000 	/System/Library/Frameworks/CoreServices.framework/Versions/A/Frameworks/OSServices.framework/Versions/A/OSServices
0x0000000004bef000 	/System/Library/Frameworks/CoreServices.framework/Versions/A/Frameworks/SearchKit.framework/Versions/A/SearchKit
0x0000000004bef000 	/System/Library/Frameworks/CoreServices.framework/Versions/A/Frameworks/AE.framework/Versions/A/AE
0x0000000004bef000 	/System/Library/Frameworks/CoreServices.framework/Versions/A/Frameworks/LaunchServices.framework/Versions/A/LaunchServices
0x0000000004bef000 	/System/Library/Frameworks/CoreServices.framework/Versions/A/Frameworks/DictionaryServices.framework/Versions/A/DictionaryServices
0x0000000004bef000 	/System/Library/Frameworks/NetFS.framework/Versions/A/NetFS
0x0000000004bef000 	/usr/lib/system/libkxld.dylib
0x0000000004bef000 	/System/Library/PrivateFrameworks/NetAuth.framework/Versions/A/NetAuth
0x0000000004bef000 	/System/Library/PrivateFrameworks/TCC.framework/Versions/A/TCC
0x0000000004bef000 	/System/Library/Frameworks/OpenDirectory.framework/Versions/A/Frameworks/CFOpenDirectory.framework/Versions/A/CFOpenDirectory
0x0000000004bef000 	/System/Library/Frameworks/ServiceManagement.framework/Versions/A/ServiceManagement
0x0000000004bef000 	/usr/lib/libxslt.1.dylib
0x0000000004bef000 	/System/Library/Frameworks/Carbon.framework/Versions/A/Frameworks/Ink.framework/Versions/A/Ink
0x0000000004bef000 	/System/Library/Frameworks/ApplicationServices.framework/Versions/A/Frameworks/ATS.framework/Versions/A/ATS
0x0000000004bef000 	/System/Library/Frameworks/ApplicationServices.framework/Versions/A/Frameworks/ColorSync.framework/Versions/A/ColorSync
0x0000000004bef000 	/System/Library/Frameworks/ApplicationServices.framework/Versions/A/Frameworks/HIServices.framework/Versions/A/HIServices
0x0000000004bef000 	/System/Library/Frameworks/ApplicationServices.framework/Versions/A/Frameworks/LangAnalysis.framework/Versions/A/LangAnalysis
0x0000000004bef000 	/System/Library/Frameworks/ApplicationServices.framework/Versions/A/Frameworks/PrintCore.framework/Versions/A/PrintCore
0x0000000004bef000 	/System/Library/Frameworks/ApplicationServices.framework/Versions/A/Frameworks/QD.framework/Versions/A/QD
0x0000000004bef000 	/System/Library/Frameworks/ApplicationServices.framework/Versions/A/Frameworks/SpeechSynthesis.framework/Versions/A/SpeechSynthesis
0x0000000004bef000 	/System/Library/Frameworks/IOSurface.framework/Versions/A/IOSurface
0x0000000004bef000 	/System/Library/Frameworks/Accelerate.framework/Versions/A/Accelerate
0x0000000004bef000 	/System/Library/Frameworks/Accelerate.framework/Versions/A/Frameworks/vImage.framework/Versions/A/vImage
0x0000000004bef000 	/System/Library/Frameworks/Accelerate.framework/Versions/A/Frameworks/vecLib.framework/Versions/A/vecLib
0x0000000004bef000 	/System/Library/Frameworks/Accelerate.framework/Versions/A/Frameworks/vecLib.framework/Versions/A/libvDSP.dylib
0x0000000004bef000 	/System/Library/Frameworks/Accelerate.framework/Versions/A/Frameworks/vecLib.framework/Versions/A/libvMisc.dylib
0x0000000004bef000 	/System/Library/Frameworks/Accelerate.framework/Versions/A/Frameworks/vecLib.framework/Versions/A/libLAPACK.dylib
0x0000000004bef000 	/System/Library/Frameworks/Accelerate.framework/Versions/A/Frameworks/vecLib.framework/Versions/A/libBLAS.dylib
0x0000000004bef000 	/System/Library/Frameworks/ApplicationServices.framework/Versions/A/Frameworks/ATS.framework/Versions/A/Resources/libFontParser.dylib
0x0000000004bef000 	/System/Library/Frameworks/ApplicationServices.framework/Versions/A/Frameworks/ATS.framework/Versions/A/Resources/libFontRegistry.dylib
0x0000000004bef000 	/System/Library/Frameworks/ImageIO.framework/Versions/A/Resources/libJPEG.dylib
0x0000000004bef000 	/System/Library/Frameworks/ImageIO.framework/Versions/A/Resources/libTIFF.dylib
0x0000000004bef000 	/System/Library/Frameworks/ImageIO.framework/Versions/A/Resources/libPng.dylib
0x0000000004bef000 	/System/Library/Frameworks/ImageIO.framework/Versions/A/Resources/libGIF.dylib
0x0000000004bef000 	/System/Library/Frameworks/ImageIO.framework/Versions/A/Resources/libJP2.dylib
0x0000000004bef000 	/System/Library/Frameworks/ImageIO.framework/Versions/A/Resources/libRadiance.dylib
0x0000000004bef000 	/usr/lib/libcups.2.dylib
0x0000000004bef000 	/System/Library/Frameworks/Kerberos.framework/Versions/A/Kerberos
0x0000000004bef000 	/System/Library/Frameworks/GSS.framework/Versions/A/GSS
0x0000000004bef000 	/usr/lib/libresolv.9.dylib
0x0000000004bef000 	/usr/lib/libiconv.2.dylib
0x0000000004bef000 	/System/Library/PrivateFrameworks/Heimdal.framework/Versions/A/Heimdal
0x0000000004bef000 	/System/Library/PrivateFrameworks/TrustEvaluationAgent.framework/Versions/A/TrustEvaluationAgent
0x0000000004bef000 	/usr/lib/libheimdal-asn1.dylib
0x0000000004bef000 	/System/Library/Frameworks/OpenDirectory.framework/Versions/A/OpenDirectory
0x0000000004bef000 	/System/Library/PrivateFrameworks/CommonAuth.framework/Versions/A/CommonAuth
0x0000000004bef000 	/System/Library/Frameworks/SecurityFoundation.framework/Versions/A/SecurityFoundation
0x0000000004bef000 	/System/Library/PrivateFrameworks/Bom.framework/Versions/A/Bom
0x0000000004bef000 	/System/Library/Frameworks/CoreVideo.framework/Versions/A/CoreVideo
0x0000000004bef000 	/System/Library/Frameworks/QuartzCore.framework/Versions/A/Frameworks/CoreImage.framework/Versions/A/CoreImage
0x0000000004bef000 	/System/Library/Frameworks/QuartzCore.framework/Versions/A/Frameworks/ScalableUserInterface.framework/Versions/A/ScalableUserInterface
0x0000000004bef000 	/System/Library/Frameworks/OpenGL.framework/Versions/A/Libraries/libGLU.dylib
0x0000000004bef000 	/System/Library/Frameworks/OpenGL.framework/Versions/A/Libraries/libGFXShared.dylib
0x0000000004bef000 	/System/Library/Frameworks/OpenGL.framework/Versions/A/Libraries/libGL.dylib
0x0000000004bef000 	/System/Library/Frameworks/OpenGL.framework/Versions/A/Libraries/libGLImage.dylib
0x0000000004bef000 	/System/Library/Frameworks/OpenGL.framework/Versions/A/Libraries/libCVMSPluginSupport.dylib
0x0000000004bef000 	/System/Library/Frameworks/OpenGL.framework/Versions/A/Libraries/libCoreVMClient.dylib
0x0000000004bef000 	/System/Library/PrivateFrameworks/FaceCore.framework/Versions/A/FaceCore
0x0000000004bef000 	/System/Library/PrivateFrameworks/CrashReporterSupport.framework/Versions/A/CrashReporterSupport
0x0000000004bef000 	/System/Library/Frameworks/OpenCL.framework/Versions/A/OpenCL
0x0000000004bef000 	/System/Library/PrivateFrameworks/AppleFSCompression.framework/Versions/A/AppleFSCompression
0x0000000004bef000 	/System/Library/PrivateFrameworks/Ubiquity.framework/Versions/A/Ubiquity
0x0000000004bef000 	/System/Library/PrivateFrameworks/IconServices.framework/Versions/A/IconServices
0x0000000004bef000 	/System/Library/PrivateFrameworks/ChunkingLibrary.framework/Versions/A/ChunkingLibrary
0x0000000004bef000 	/System/Library/PrivateFrameworks/CoreSymbolication.framework/Versions/A/CoreSymbolication
0x0000000004bef000 	/System/Library/PrivateFrameworks/Symbolication.framework/Versions/A/Symbolication
0x0000000004bef000 	/System/Library/PrivateFrameworks/DebugSymbols.framework/Versions/A/DebugSymbols
0x000000010d400000 	/Applications/BlueJ 3.1.1/BlueJ.app/Contents/Frameworks/jdk.framework/Versions/A/Contents/Home/jre/lib/server/libjvm.dylib
0x0000000004bef000 	/usr/lib/libstdc++.6.dylib
0x000000010cb62000 	/Applications/BlueJ 3.1.1/BlueJ.app/Contents/Frameworks/jdk.framework/Versions/A/Contents/Home/jre/lib/libverify.dylib
0x000000010cb6f000 	/Applications/BlueJ 3.1.1/BlueJ.app/Contents/Frameworks/jdk.framework/Versions/A/Contents/Home/jre/lib/libjava.dylib
0x000000010cba9000 	/Applications/BlueJ 3.1.1/BlueJ.app/Contents/Frameworks/jdk.framework/Versions/A/Contents/Home/jre/lib/libzip.dylib
0x0000000115116000 	/System/Library/Frameworks/JavaVM.framework/Frameworks/JavaRuntimeSupport.framework/JavaRuntimeSupport
0x000000011512e000 	/System/Library/Frameworks/JavaVM.framework/Versions/A/Frameworks/JavaNativeFoundation.framework/Versions/A/JavaNativeFoundation
0x000000010cbf2000 	/System/Library/Frameworks/JavaVM.framework/Versions/A/JavaVM
0x0000000004bef000 	/System/Library/Frameworks/Carbon.framework/Versions/A/Carbon
0x0000000115143000 	/System/Library/PrivateFrameworks/JavaLaunching.framework/Versions/A/JavaLaunching
0x0000000004bef000 	/System/Library/Frameworks/Carbon.framework/Versions/A/Frameworks/CommonPanels.framework/Versions/A/CommonPanels
0x0000000004bef000 	/System/Library/Frameworks/Carbon.framework/Versions/A/Frameworks/Help.framework/Versions/A/Help
0x0000000004bef000 	/System/Library/Frameworks/Carbon.framework/Versions/A/Frameworks/ImageCapture.framework/Versions/A/ImageCapture
0x0000000004bef000 	/System/Library/Frameworks/Carbon.framework/Versions/A/Frameworks/OpenScripting.framework/Versions/A/OpenScripting
0x0000000004bef000 	/System/Library/Frameworks/Carbon.framework/Versions/A/Frameworks/Print.framework/Versions/A/Print
0x0000000004bef000 	/System/Library/Frameworks/Carbon.framework/Versions/A/Frameworks/SecurityHI.framework/Versions/A/SecurityHI
0x0000000115831000 	/Applications/BlueJ 3.1.1/BlueJ.app/Contents/Frameworks/jdk.framework/Versions/A/Contents/Home/jre/lib/libawt.dylib
0x00000001158e0000 	/Applications/BlueJ 3.1.1/BlueJ.app/Contents/Frameworks/jdk.framework/Versions/A/Contents/Home/jre/lib/./libmlib_image.dylib
0x00000001159ac000 	/Applications/BlueJ 3.1.1/BlueJ.app/Contents/Frameworks/jdk.framework/Versions/A/Contents/Home/jre/lib/lwawt/liblwawt.dylib
0x0000000115a60000 	/Applications/BlueJ 3.1.1/BlueJ.app/Contents/Frameworks/jdk.framework/Versions/A/Contents/Home/jre/lib/libosxapp.dylib
0x0000000004bef000 	/System/Library/Frameworks/ExceptionHandling.framework/Versions/A/ExceptionHandling
0x0000000004bef000 	/System/Library/PrivateFrameworks/CoreServicesInternal.framework/Versions/A/CoreServicesInternal
0x0000000004bef000 	/System/Library/PrivateFrameworks/Librarian.framework/Versions/A/Librarian
0x0000000004bef000 	/System/Library/Frameworks/CoreGraphics.framework/Versions/A/Resources/libCGCMS.A.dylib
0x0000000004bef000 	/System/Library/Frameworks/CoreGraphics.framework/Versions/A/Resources/libRIP.A.dylib
0x0000000004bef000 	/System/Library/Frameworks/CoreGraphics.framework/Versions/A/Resources/libCGXType.A.dylib
0x0000000004bef000 	/System/Library/PrivateFrameworks/FamilyControls.framework/Versions/A/FamilyControls
0x0000000004bef000 	/System/Library/PrivateFrameworks/CommerceKit.framework/Versions/A/Frameworks/CommerceCore.framework/Versions/A/CommerceCore
0x0000000004bef000 	/System/Library/PrivateFrameworks/SystemAdministration.framework/Versions/A/SystemAdministration
0x0000000004bef000 	/System/Library/Frameworks/DirectoryService.framework/Versions/A/DirectoryService
0x0000000004bef000 	/System/Library/PrivateFrameworks/DiskImages.framework/Versions/A/DiskImages
0x0000000004bef000 	/System/Library/PrivateFrameworks/LoginUIKit.framework/Versions/A/Frameworks/LoginUICore.framework/Versions/A/LoginUICore
0x0000000004bef000 	/usr/lib/libCoreStorage.dylib
0x0000000004bef000 	/usr/lib/libcsfde.dylib
0x0000000004bef000 	/usr/lib/libodfde.dylib
0x0000000004bef000 	/System/Library/Frameworks/DiscRecording.framework/Versions/A/DiscRecording
0x0000000004bef000 	/usr/lib/libcurl.4.dylib
0x0000000004bef000 	/System/Library/PrivateFrameworks/MediaKit.framework/Versions/A/MediaKit
0x0000000004bef000 	/System/Library/PrivateFrameworks/EFILogin.framework/Versions/A/EFILogin
0x0000000004bef000 	/usr/lib/libutil.dylib
0x0000000004bef000 	/System/Library/PrivateFrameworks/AOSNotification.framework/Versions/A/AOSNotification
0x0000000004bef000 	/System/Library/Frameworks/LDAP.framework/Versions/A/LDAP
0x0000000004bef000 	/usr/lib/libsasl2.2.dylib
0x0000000004bef000 	/usr/lib/libcrypto.0.9.8.dylib
0x0000000004bef000 	/usr/lib/libssl.0.9.8.dylib
0x0000000004bef000 	/System/Library/Frameworks/OpenGL.framework/Versions/A/Resources/GLEngine.bundle/GLEngine
0x0000000004bef000 	/System/Library/Frameworks/OpenGL.framework/Versions/A/Libraries/libGLProgrammability.dylib
0x0000000000000000 	/System/Library/Extensions/AMDRadeonX3000GLDriver.bundle/Contents/MacOS/AMDRadeonX3000GLDriver
0x0000000004bef000 	/System/Library/PrivateFrameworks/IOAccelerator.framework/Versions/A/IOAccelerator
0x0000000004bef000 	/System/Library/PrivateFrameworks/GPUSupport.framework/Versions/A/Libraries/libGPUSupportMercury.dylib
0x0000000004bef000 	/System/Library/Frameworks/OpenGL.framework/Versions/A/Resources/GLRendererFloat.bundle/GLRendererFloat
0x0000000004bef000 	/System/Library/Frameworks/OpenCL.framework/Versions/A/Libraries/libcldcpuengine.dylib
0x000000011a0de000 	/Applications/BlueJ 3.1.1/BlueJ.app/Contents/Frameworks/jdk.framework/Versions/A/Contents/Home/jre/lib/libfontmanager.dylib
0x000000011aafd000 	/Applications/BlueJ 3.1.1/BlueJ.app/Contents/Frameworks/jdk.framework/Versions/A/Contents/Home/jre/lib/libosxui.dylib
0x000000011abcd000 	/Applications/BlueJ 3.1.1/BlueJ.app/Contents/Frameworks/jdk.framework/Versions/A/Contents/Home/jre/lib/libnet.dylib
0x000000011ab19000 	/Applications/BlueJ 3.1.1/BlueJ.app/Contents/Frameworks/jdk.framework/Versions/A/Contents/Home/jre/lib/libnio.dylib
0x0000000004bef000 	/System/Library/Frameworks/ApplicationServices.framework/Versions/A/Frameworks/ATS.framework/Versions/A/Resources/libTrueTypeScaler.dylib
0x000000011c832000 	/Applications/BlueJ 3.1.1/BlueJ.app/Contents/Frameworks/jdk.framework/Versions/A/Contents/Home/jre/lib/libjpeg.dylib

VM Arguments:
jvm_args: -Dapplication.home=/Applications/BlueJ 3.1.1/BlueJ.app/Contents/Frameworks/jdk.framework/Versions/A/Contents/Home -Xms8m 
java_command: sun.applet.Main CAPTURETHESAGETS.html
Launcher Type: SUN_STANDARD

Environment Variables:
PATH=/usr/bin:/bin:/usr/sbin:/sbin
SHELL=/bin/bash

Signal Handlers:
SIGSEGV: [libjvm.dylib+0x525415], sa_mask[0]=0xfffefeff, sa_flags=0x00000043
SIGBUS: [libjvm.dylib+0x525415], sa_mask[0]=0xfffefeff, sa_flags=0x00000042
SIGFPE: [libjvm.dylib+0x41891a], sa_mask[0]=0xfffefeff, sa_flags=0x00000042
SIGPIPE: [libjvm.dylib+0x41891a], sa_mask[0]=0xfffefeff, sa_flags=0x00000042
SIGXFSZ: [libjvm.dylib+0x41891a], sa_mask[0]=0xfffefeff, sa_flags=0x00000042
SIGILL: [libjvm.dylib+0x41891a], sa_mask[0]=0xfffefeff, sa_flags=0x00000042
SIGUSR1: SIG_DFL, sa_mask[0]=0x00000000, sa_flags=0x00000002
SIGUSR2: [libjvm.dylib+0x41840c], sa_mask[0]=0x00000004, sa_flags=0x00000042
SIGHUP: [libjvm.dylib+0x41669b], sa_mask[0]=0xfffefeff, sa_flags=0x00000042
SIGINT: [libjvm.dylib+0x41669b], sa_mask[0]=0xfffefeff, sa_flags=0x00000042
SIGTERM: [libjvm.dylib+0x41669b], sa_mask[0]=0xfffefeff, sa_flags=0x00000042
SIGQUIT: [libjvm.dylib+0x41669b], sa_mask[0]=0xfffefeff, sa_flags=0x00000042


---------------  S Y S T E M  ---------------

OS:Bsduname:Darwin 13.4.0 Darwin Kernel Version 13.4.0: Wed Dec 17 19:05:52 PST 2014; root:xnu-2422.115.10~1/RELEASE_X86_64 x86_64
rlimit: STACK 8192k, CORE 0k, NPROC 709, NOFILE 10240, AS infinity
load average:1.03 1.22 1.18

CPU:total 4 (4 cores per cpu, 1 threads per core) family 6 model 42 stepping 7, cmov, cx8, fxsr, mmx, sse, sse2, sse3, ssse3, sse4.1, sse4.2, popcnt, avx, aes, tsc, tscinvbit

Memory: 4k page, physical 4194304k(1048576k free)

/proc/meminfo:


vm_info: Java HotSpot(TM) 64-Bit Server VM (24.45-b08) for bsd-amd64 JRE (1.7.0_45-b18), built on Oct  8 2013 05:54:16 by "java_re" with gcc 4.2.1 (Based on Apple Inc. build 5658) (LLVM build 2336.11.00)

time: Wed May 13 15:22:01 2015
elapsed time: 1 seconds

